<?xml version="1.0" encoding="UTF-8"?>
<!-- Generated by org.testng.reporters.JUnitReportReporter -->
<testsuite hostname="DESKTOP-P46RTQG" failures="0" tests="3" name="caseStudy.First_CS" time="24.479" errors="0" timestamp="21 Oct 2022 02:18:55 GMT">
  <testcase classname="caseStudy.First_CS" name="mac" time="11.584"/>
  <testcase classname="caseStudy.First_CS" name="mac1" time="2.658"/>
  <testcase classname="caseStudy.First_CS" name="mac2" time="10.237"/>
</testsuite> <!-- caseStudy.First_CS -->
