<?xml version="1.0" encoding="UTF-8"?>
<!-- Generated by org.testng.reporters.JUnitReportReporter -->
<testsuite hostname="DESKTOP-P46RTQG" failures="0" tests="3" name="caseStudy.First_CS" time="26.485" errors="0" timestamp="20 Oct 2022 15:17:05 GMT">
  <testcase classname="caseStudy.First_CS" name="mac" time="11.679"/>
  <testcase classname="caseStudy.First_CS" name="mac1" time="4.539"/>
  <testcase classname="caseStudy.First_CS" name="mac2" time="10.267"/>
</testsuite> <!-- caseStudy.First_CS -->
